[0m15:52:43.177026 [debug] [MainThread]: Sending event: {'category': 'dbt', 'action': 'invocation', 'label': 'start', 'context': [<snowplow_tracker.self_describing_json.SelfDescribingJson object at 0x00000243DBC76930>, <snowplow_tracker.self_describing_json.SelfDescribingJson object at 0x00000243D9124AA0>, <snowplow_tracker.self_describing_json.SelfDescribingJson object at 0x00000243D8718620>]}


============================== 15:52:43.187997 | a5665293-7242-46ba-b4a8-24d8b456c48f ==============================
[0m15:52:43.187997 [info ] [MainThread]: Running with dbt=1.8.9
[0m15:52:43.189999 [debug] [MainThread]: running dbt with arguments {'printer_width': '80', 'indirect_selection': 'eager', 'write_json': 'True', 'log_cache_events': 'False', 'partial_parse': 'True', 'cache_selected_only': 'False', 'warn_error': 'None', 'version_check': 'True', 'fail_fast': 'False', 'log_path': 'logs', 'debug': 'False', 'profiles_dir': 'C:\\Users\\Lucas_Lab\\.dbt', 'use_colors': 'True', 'use_experimental_parser': 'False', 'empty': 'None', 'quiet': 'False', 'no_print': 'None', 'log_format': 'default', 'introspect': 'True', 'warn_error_options': 'WarnErrorOptions(include=[], exclude=[])', 'static_parser': 'True', 'target_path': 'None', 'invocation_command': 'dbt debug', 'send_anonymous_usage_stats': 'True'}
[0m15:52:43.242001 [info ] [MainThread]: dbt version: 1.8.9
[0m15:52:43.243001 [info ] [MainThread]: python version: 3.12.1
[0m15:52:43.244025 [info ] [MainThread]: python path: C:\Users\Lucas_Lab\Desktop\Resolvendo\code_challenge\.venv\Scripts\python.exe
[0m15:52:43.245001 [info ] [MainThread]: os info: Windows-10-10.0.19045-SP0
[0m15:52:43.412765 [info ] [MainThread]: Using profiles dir at C:\Users\Lucas_Lab\.dbt
[0m15:52:43.413765 [info ] [MainThread]: Using profiles.yml file at C:\Users\Lucas_Lab\.dbt\profiles.yml
[0m15:52:43.414768 [info ] [MainThread]: Using dbt_project.yml file at C:\Users\Lucas_Lab\Desktop\Resolvendo\code_challenge\dbt_project.yml
[0m15:52:43.417765 [info ] [MainThread]: adapter type: postgres
[0m15:52:43.418768 [info ] [MainThread]: adapter version: 1.8.2
[0m15:52:43.419768 [info ] [MainThread]: Configuration:
[0m15:52:43.420765 [info ] [MainThread]:   profiles.yml file [[32mOK found and valid[0m]
[0m15:52:43.421768 [info ] [MainThread]:   dbt_project.yml file [[31mERROR not found[0m]
[0m15:52:43.422765 [info ] [MainThread]: Required dependencies:
[0m15:52:43.423765 [debug] [MainThread]: Executing "git --help"
[0m15:52:43.596770 [debug] [MainThread]: STDOUT: "b"usage: git [-v | --version] [-h | --help] [-C <path>] [-c <name>=<value>]\n           [--exec-path[=<path>]] [--html-path] [--man-path] [--info-path]\n           [-p | --paginate | -P | --no-pager] [--no-replace-objects] [--bare]\n           [--git-dir=<path>] [--work-tree=<path>] [--namespace=<name>]\n           [--config-env=<name>=<envvar>] <command> [<args>]\n\nThese are common Git commands used in various situations:\n\nstart a working area (see also: git help tutorial)\n   clone     Clone a repository into a new directory\n   init      Create an empty Git repository or reinitialize an existing one\n\nwork on the current change (see also: git help everyday)\n   add       Add file contents to the index\n   mv        Move or rename a file, a directory, or a symlink\n   restore   Restore working tree files\n   rm        Remove files from the working tree and from the index\n\nexamine the history and state (see also: git help revisions)\n   bisect    Use binary search to find the commit that introduced a bug\n   diff      Show changes between commits, commit and working tree, etc\n   grep      Print lines matching a pattern\n   log       Show commit logs\n   show      Show various types of objects\n   status    Show the working tree status\n\ngrow, mark and tweak your common history\n   branch    List, create, or delete branches\n   commit    Record changes to the repository\n   merge     Join two or more development histories together\n   rebase    Reapply commits on top of another base tip\n   reset     Reset current HEAD to the specified state\n   switch    Switch branches\n   tag       Create, list, delete or verify a tag object signed with GPG\n\ncollaborate (see also: git help workflows)\n   fetch     Download objects and refs from another repository\n   pull      Fetch from and integrate with another repository or a local branch\n   push      Update remote refs along with associated objects\n\n'git help -a' and 'git help -g' list available subcommands and some\nconcept guides. See 'git help <command>' or 'git help <concept>'\nto read about a specific subcommand or concept.\nSee 'git help git' for an overview of the system.\n""
[0m15:52:43.597793 [debug] [MainThread]: STDERR: "b''"
[0m15:52:43.598792 [info ] [MainThread]:  - git [[32mOK found[0m]

[0m15:52:43.599793 [info ] [MainThread]: Connection:
[0m15:52:43.600793 [info ] [MainThread]:   host: postgres
[0m15:52:43.601767 [info ] [MainThread]:   port: 5432
[0m15:52:43.602798 [info ] [MainThread]:   user: postgres
[0m15:52:43.604792 [info ] [MainThread]:   database: postgres
[0m15:52:43.605766 [info ] [MainThread]:   schema: public
[0m15:52:43.606771 [info ] [MainThread]:   connect_timeout: 10
[0m15:52:43.607773 [info ] [MainThread]:   role: None
[0m15:52:43.608773 [info ] [MainThread]:   search_path: None
[0m15:52:43.609772 [info ] [MainThread]:   keepalives_idle: 0
[0m15:52:43.610773 [info ] [MainThread]:   sslmode: None
[0m15:52:43.613773 [info ] [MainThread]:   sslcert: None
[0m15:52:43.614773 [info ] [MainThread]:   sslkey: None
[0m15:52:43.615773 [info ] [MainThread]:   sslrootcert: None
[0m15:52:43.616791 [info ] [MainThread]:   application_name: dbt
[0m15:52:43.617772 [info ] [MainThread]:   retries: 1
[0m15:52:43.618773 [info ] [MainThread]: Registered adapter: postgres=1.8.2
[0m15:52:44.382918 [debug] [MainThread]: Acquiring new postgres connection 'debug'
[0m15:52:44.634949 [debug] [MainThread]: Using postgres connection "debug"
[0m15:52:44.635946 [debug] [MainThread]: On debug: select 1 as id
[0m15:52:44.636947 [debug] [MainThread]: Opening a new connection, currently in state init
[0m15:52:47.949467 [debug] [MainThread]: Postgres adapter: Error running SQL: select 1 as id
[0m15:52:47.951458 [debug] [MainThread]: Postgres adapter: Rolling back transaction.
[0m15:52:47.953459 [debug] [MainThread]: On debug: No close available on handle
[0m15:52:47.954462 [info ] [MainThread]:   Connection test: [[31mERROR[0m]

[0m15:52:47.957456 [info ] [MainThread]: [31m2 checks failed:[0m
[0m15:52:47.960455 [info ] [MainThread]: Project loading failed for the following reason:
 project path <C:\Users\Lucas_Lab\Desktop\Resolvendo\code_challenge\dbt_project.yml> not found

[0m15:52:47.963466 [info ] [MainThread]: dbt was unable to connect to the specified database.
The database returned the following error:

  >Database Error
  'utf-8' codec can't decode byte 0xe3 in position 64: invalid continuation byte

Check your database credentials and try again. For more information, visit:
https://docs.getdbt.com/docs/configure-your-profile


[0m15:52:47.969451 [debug] [MainThread]: Command `dbt debug` failed at 15:52:47.968451 after 5.01 seconds
[0m15:52:47.970451 [debug] [MainThread]: Connection 'debug' was properly closed.
[0m15:52:47.971451 [debug] [MainThread]: Sending event: {'category': 'dbt', 'action': 'invocation', 'label': 'end', 'context': [<snowplow_tracker.self_describing_json.SelfDescribingJson object at 0x00000243DBE83350>, <snowplow_tracker.self_describing_json.SelfDescribingJson object at 0x00000243DB351430>, <snowplow_tracker.self_describing_json.SelfDescribingJson object at 0x00000243DBD14FE0>]}
[0m15:52:47.972454 [debug] [MainThread]: Flushing usage events
